<html>
<body>
<pre>
<h1>µVision Build Log</h1>
<h2>Tool Versions:</h2>
IDE-Version: ¦ÌVision V5.25.3.0
Copyright (C) 2018 ARM Ltd and ARM Germany GmbH. All rights reserved.
License Information: KISUNE M, Z, LIC=LSWP0-BM842-D2YL8-3LE5A-BTK52-U33LR
 
Tool Versions:
Toolchain:       PK251 Prof. Developers Kit  Version: 5.60.0.0
Toolchain Path:  D:\MDK\C251\BIN
C Compiler:      C251.exe V5.60.0.0
Assembler:       A251.exe V4.69.13.0
Linker/Locator:  L251.exe V4.66.93.0
Library Manager: LIB251.exe V4.30.1.0
Hex Converter:   OH251.exe V1.47.0.0
CPU DLL:         S251.DLL V3.129.0.0
Dialog DLL:      DCORE51.DLL V2.81.6.0
    Target DLL: STCMON251.DLL
Dialog DLL:      TCORE51.DLL V2.66.4.0
 
<h2>Project:</h2>
D:\STC_car\STC32G12K128_Library\Seekfree_STC32G12K128_Opensource_Library\CCD_project\mdk\seekfree.uvproj
Project File Date:  11/18/2025

<h2>Output:</h2>
Build target 'STC32G'
compiling zf_driver_flash.c...
..\..\Libraries\zf_driver\zf_driver_flash.c(70): error C67: '__IO': undefined identifier
..\..\Libraries\zf_driver\zf_driver_flash.c(70): error C25: syntax error near 'u32'
..\..\Libraries\zf_driver\zf_driver_flash.c(70): error C25: syntax error near ')'
..\..\Libraries\zf_driver\zf_driver_flash.c(73): error C25: syntax error near 'break'
..\..\Libraries\zf_driver\zf_driver_flash.c(79): error C53: redefinition of 'interrupt_global_enable': different return types
..\..\Libraries\zf_driver\zf_driver_flash.c(81): error C25: syntax error near 'return'
..\..\Libraries\zf_driver\zf_driver_flash.c(81): warning C34: 'return_state': missing declaration specifiers
..\..\Libraries\zf_driver\zf_driver_flash.c(81): error C53: redefinition of 'return_state'
..\..\Libraries\zf_driver\zf_driver_flash.c(82): error C25: syntax error near '}'
..\..\Libraries\zf_driver\zf_driver_flash.c(100): error C25: syntax error near 'gFlashStatus'
..\..\Libraries\zf_driver\zf_driver_flash.c(100): error C67: 'FLASH_COMPLETE': undefined identifier
..\..\Libraries\zf_driver\zf_driver_flash.c(107): warning C140: 'FLASH_Unlock' undefined; assuming 'extern int FLASH_Unlock()'
..\..\Libraries\zf_driver\zf_driver_flash.c(108): error C67: 'FLASH_FLAG_EOP': undefined identifier
..\..\Libraries\zf_driver\zf_driver_flash.c(108): error C67: 'FLASH_FLAG_PGERR': undefined identifier
..\..\Libraries\zf_driver\zf_driver_flash.c(108): error C67: 'FLASH_FLAG_WRPRTERR': undefined identifier
..\..\Libraries\zf_driver\zf_driver_flash.c(108): warning C140: 'FLASH_ClearFlag' undefined; assuming 'extern int FLASH_ClearFlag()'
..\..\Libraries\zf_driver\zf_driver_flash.c(109): warning C140: 'FLASH_ErasePage' undefined; assuming 'extern int FLASH_ErasePage()'
..\..\Libraries\zf_driver\zf_driver_flash.c(109): warning C95: 'FLASH_ErasePage': too many actual parameters
..\..\Libraries\zf_driver\zf_driver_flash.c(110): error C67: 'FLASH_FLAG_EOP': undefined identifier
..\..\Libraries\zf_driver\zf_driver_flash.c(111): warning C140: 'FLASH_Lock' undefined; assuming 'extern int FLASH_Lock()'
..\..\Libraries\zf_driver\zf_driver_flash.c(112): error C67: 'FLASH_COMPLETE': undefined identifier
..\..\Libraries\zf_driver\zf_driver_flash.c(119): error C94: 'interrupt_global_enable': declared with 'void' parameter list
..\..\Libraries\zf_driver\zf_driver_flash.c(143): error C25: syntax error near 'uint32'
..\..\Libraries\zf_driver\zf_driver_flash.c(148): error C25: syntax error near 'for'
..\..\Libraries\zf_driver\zf_driver_flash.c(148): error C25: syntax error near '='
..\..\Libraries\zf_driver\zf_driver_flash.c(148): error C25: syntax error near '<'
..\..\Libraries\zf_driver\zf_driver_flash.c(148): warning C34: 'len': missing declaration specifiers
..\..\Libraries\zf_driver\zf_driver_flash.c(148): error C25: syntax error near '++'
..\..\Libraries\zf_driver\zf_driver_flash.c(148): error C7: compilation aborted
Target not created.
Build Time Elapsed:  00:00:00
</pre>
</body>
</html>
